<?xml version="1.0" encoding="UTF-8"?>
<!-- Generated by org.testng.reporters.JUnitXMLReporter -->
<testsuite hostname="DESKTOP-ICNTPQF" ignored="2" name="Test" tests="1" failures="0" timestamp="22 Jan 2020 12:36:03 GMT" time="21.456" errors="0">
  <testcase name="delWorskspace" time="5.669" classname="tests.ProjectsTest"/>
  <testcase name="login" time="0.0" classname="tests.LoginTest">
    <ignored/>
  </testcase> <!-- login -->
  <testcase name="wrongPw" time="0.0" classname="tests.LoginTest">
    <ignored/>
  </testcase> <!-- wrongPw -->
</testsuite> <!-- Test -->
