<?xml version="1.0" encoding="UTF-8"?>
<testng-results skipped="0" failed="0" ignored="2" total="3" passed="1">
  <reporter-output>
  </reporter-output>
  <suite name="Suite" duration-ms="21456" started-at="2020-01-22T12:35:41Z" finished-at="2020-01-22T12:36:03Z">
    <groups>
    </groups>
    <test name="Test" duration-ms="21456" started-at="2020-01-22T12:35:41Z" finished-at="2020-01-22T12:36:03Z">
      <class name="tests.ProjectsTest">
        <test-method status="PASS" signature="setup()[pri:0, instance:tests.ProjectsTest@407cf41]" name="setup" is-config="true" duration-ms="14776" started-at="2020-01-22T12:35:41Z" finished-at="2020-01-22T12:35:56Z">
          <reporter-output>
          </reporter-output>
        </test-method> <!-- setup -->
        <test-method status="PASS" signature="delWorskspace()[pri:0, instance:tests.ProjectsTest@407cf41]" name="delWorskspace" duration-ms="5669" started-at="2020-01-22T12:35:56Z" finished-at="2020-01-22T12:36:02Z">
          <reporter-output>
          </reporter-output>
        </test-method> <!-- delWorskspace -->
        <test-method status="PASS" signature="tearDown()[pri:0, instance:tests.ProjectsTest@407cf41]" name="tearDown" is-config="true" duration-ms="689" started-at="2020-01-22T12:36:02Z" finished-at="2020-01-22T12:36:03Z">
          <reporter-output>
          </reporter-output>
        </test-method> <!-- tearDown -->
      </class> <!-- tests.ProjectsTest -->
    </test> <!-- Test -->
  </suite> <!-- Suite -->
</testng-results>
